<?xml version="1.0" encoding="UTF-8"?>
<testng-results skipped="0" failed="0" ignored="0" total="1" passed="1">
  <reporter-output>
  </reporter-output>
  <suite name="Default suite" duration-ms="13721" started-at="2021-06-21T21:53:15 IST" finished-at="2021-06-21T21:53:29 IST">
    <groups>
    </groups>
    <test name="Default test" duration-ms="13721" started-at="2021-06-21T21:53:15 IST" finished-at="2021-06-21T21:53:29 IST">
      <class name="practice.ActionTest">
        <test-method status="PASS" signature="Test1()[pri:0, instance:practice.ActionTest@58c1670b]" name="Test1" duration-ms="13673" started-at="2021-06-21T21:53:15 IST" finished-at="2021-06-21T21:53:29 IST">
          <reporter-output>
          </reporter-output>
        </test-method> <!-- Test1 -->
      </class> <!-- practice.ActionTest -->
    </test> <!-- Default test -->
  </suite> <!-- Default suite -->
</testng-results>
